#
# There is insufficient memory for the Java Runtime Environment to continue.
# Cannot create GC thread. Out of system resources.
# Possible reasons:
#   The system is out of physical RAM or swap space
#   In 32 bit mode, the process size limit was hit
# Possible solutions:
#   Reduce memory load on the system
#   Increase physical memory or swap space
#   Check if swap backing store is full
#   Use 64 bit Java on a 64 bit OS
#   Decrease Java heap size (-Xmx/-Xms)
#   Decrease number of Java threads
#   Decrease Java thread stack sizes (-Xss)
#   Set larger code cache with -XX:ReservedCodeCacheSize=
# This output file may be truncated or incomplete.
#
#  Out of Memory Error (gcTaskThread.cpp:48), pid=23592, tid=139819904780032
#
# JRE version:  (8.0_31-b13) (build )
# Java VM: Java HotSpot(TM) 64-Bit Server VM (25.31-b07 mixed mode linux-amd64 compressed oops)
# Failed to write core dump. Core dumps have been disabled. To enable core dumping, try "ulimit -c unlimited" before starting Java again
#

---------------  T H R E A D  ---------------

Current thread (0x00007f2a54007800):  JavaThread "Unknown thread" [_thread_in_vm, id=23594, stack(0x00007f2a5bb1c000,0x00007f2a5bc1d000)]

Stack: [0x00007f2a5bb1c000,0x00007f2a5bc1d000],  sp=0x00007f2a5bc1b680,  free space=1021k
Native frames: (J=compiled Java code, j=interpreted, Vv=VM code, C=native code)
V  [libjvm.so+0xa79e0a]  VMError::report_and_die()+0x2ca
V  [libjvm.so+0x4e57bb]  report_vm_out_of_memory(char const*, int, unsigned long, VMErrorType, char const*)+0x8b
V  [libjvm.so+0x5b038f]  GCTaskThread::GCTaskThread(GCTaskManager*, unsigned int, unsigned int)+0x11f
V  [libjvm.so+0x5af8f8]  GCTaskManager::initialize()+0x2c8
V  [libjvm.so+0x90783b]  ParallelScavengeHeap::initialize()+0x32b
V  [libjvm.so+0xa45d4d]  Universe::initialize_heap()+0xfd
V  [libjvm.so+0xa4616f]  universe_init()+0x3f
V  [libjvm.so+0x6128d5]  init_globals()+0x65
V  [libjvm.so+0xa2bdbd]  Threads::create_vm(JavaVMInitArgs*, bool*)+0x24d
V  [libjvm.so+0x6a9b34]  JNI_CreateJavaVM+0x74
C  [libjli.so+0x736e]  JavaMain+0x9e
C  [libpthread.so.0+0x79d1]  start_thread+0xd1


---------------  P R O C E S S  ---------------

Java Threads: ( => current thread )

Other Threads:

=>0x00007f2a54007800 (exited) JavaThread "Unknown thread" [_thread_in_vm, id=23594, stack(0x00007f2a5bb1c000,0x00007f2a5bc1d000)]

VM state:not at safepoint (not fully initialized)

VM Mutex/Monitor currently owned by a thread: None

GC Heap History (0 events):
No events

Deoptimization events (0 events):
No events

Internal exceptions (0 events):
No events

Events (0 events):
No events


Dynamic libraries:
00400000-00401000 r-xp 00000000 fd:00 2379934                            /usr/lib/jvm/java-1.8.0-oracle-1.8.0.31.x86_64/jre/bin/java
00600000-00601000 rw-p 00000000 fd:00 2379934                            /usr/lib/jvm/java-1.8.0-oracle-1.8.0.31.x86_64/jre/bin/java
01bc3000-01be4000 rw-p 00000000 00:00 0                                  [heap]
648c00000-658700000 rw-p 00000000 00:00 0 
658700000-742f00000 ---p 00000000 00:00 0 
742f00000-74ac00000 rw-p 00000000 00:00 0 
74ac00000-7c0000000 ---p 00000000 00:00 0 
7f2a439ac000-7f2a43c22000 rw-p 00000000 00:00 0 
7f2a43c22000-7f2a43c23000 ---p 00000000 00:00 0 
7f2a43c23000-7f2a43d23000 rw-p 00000000 00:00 0 
7f2a43d23000-7f2a43d24000 ---p 00000000 00:00 0 
7f2a43d24000-7f2a43e24000 rw-p 00000000 00:00 0 
7f2a43e24000-7f2a43e25000 ---p 00000000 00:00 0 
7f2a43e25000-7f2a43f25000 rw-p 00000000 00:00 0 
7f2a43f25000-7f2a43f26000 ---p 00000000 00:00 0 
7f2a43f26000-7f2a44026000 rw-p 00000000 00:00 0 
7f2a44026000-7f2a44027000 ---p 00000000 00:00 0 
7f2a44027000-7f2a44127000 rw-p 00000000 00:00 0 
7f2a44127000-7f2a44128000 ---p 00000000 00:00 0 
7f2a44128000-7f2a44228000 rw-p 00000000 00:00 0 
7f2a44228000-7f2a44229000 ---p 00000000 00:00 0 
7f2a44229000-7f2a44329000 rw-p 00000000 00:00 0 
7f2a44329000-7f2a4432a000 ---p 00000000 00:00 0 
7f2a4432a000-7f2a4442a000 rw-p 00000000 00:00 0 
7f2a4442a000-7f2a4442b000 ---p 00000000 00:00 0 
7f2a4442b000-7f2a4452b000 rw-p 00000000 00:00 0 
7f2a4452b000-7f2a4452c000 ---p 00000000 00:00 0 
7f2a4452c000-7f2a4462c000 rw-p 00000000 00:00 0 
7f2a4462c000-7f2a4462d000 ---p 00000000 00:00 0 
7f2a4462d000-7f2a4472d000 rw-p 00000000 00:00 0 
7f2a4472d000-7f2a4472e000 ---p 00000000 00:00 0 
7f2a4472e000-7f2a448ac000 rw-p 00000000 00:00 0 
7f2a448ac000-7f2a45000000 ---p 00000000 00:00 0 
7f2a45000000-7f2a45270000 rwxp 00000000 00:00 0 
7f2a45270000-7f2a54000000 ---p 00000000 00:00 0 
7f2a54000000-7f2a5404c000 rw-p 00000000 00:00 0 
7f2a5404c000-7f2a58000000 ---p 00000000 00:00 0 
7f2a5801a000-7f2a5801b000 ---p 00000000 00:00 0 
7f2a5801b000-7f2a5811b000 rw-p 00000000 00:00 0 
7f2a5811b000-7f2a5811c000 ---p 00000000 00:00 0 
7f2a5811c000-7f2a5829a000 rw-p 00000000 00:00 0 
7f2a5829a000-7f2a589ed000 ---p 00000000 00:00 0 
7f2a589ed000-7f2a58a2c000 rw-p 00000000 00:00 0 
7f2a58a2c000-7f2a58dd6000 ---p 00000000 00:00 0 
7f2a58dd6000-7f2a58de1000 rw-p 00000000 00:00 0 
7f2a58de1000-7f2a59197000 ---p 00000000 00:00 0 
7f2a59197000-7f2a591b1000 r-xp 00000000 fd:00 2379994                    /usr/lib/jvm/java-1.8.0-oracle-1.8.0.31.x86_64/jre/lib/amd64/libzip.so
7f2a591b1000-7f2a593b1000 ---p 0001a000 fd:00 2379994                    /usr/lib/jvm/java-1.8.0-oracle-1.8.0.31.x86_64/jre/lib/amd64/libzip.so
7f2a593b1000-7f2a593b2000 rw-p 0001a000 fd:00 2379994                    /usr/lib/jvm/java-1.8.0-oracle-1.8.0.31.x86_64/jre/lib/amd64/libzip.so
7f2a593b2000-7f2a5981a000 r--s 00000000 fd:00 11666401                   /var/db/nscd/passwd
7f2a5981a000-7f2a59844000 r-xp 00000000 fd:00 2379966                    /usr/lib/jvm/java-1.8.0-oracle-1.8.0.31.x86_64/jre/lib/amd64/libjava.so
7f2a59844000-7f2a59a44000 ---p 0002a000 fd:00 2379966                    /usr/lib/jvm/java-1.8.0-oracle-1.8.0.31.x86_64/jre/lib/amd64/libjava.so
7f2a59a44000-7f2a59a46000 rw-p 0002a000 fd:00 2379966                    /usr/lib/jvm/java-1.8.0-oracle-1.8.0.31.x86_64/jre/lib/amd64/libjava.so
7f2a59a46000-7f2a59a53000 r-xp 00000000 fd:00 2379993                    /usr/lib/jvm/java-1.8.0-oracle-1.8.0.31.x86_64/jre/lib/amd64/libverify.so
7f2a59a53000-7f2a59c53000 ---p 0000d000 fd:00 2379993                    /usr/lib/jvm/java-1.8.0-oracle-1.8.0.31.x86_64/jre/lib/amd64/libverify.so
7f2a59c53000-7f2a59c55000 rw-p 0000d000 fd:00 2379993                    /usr/lib/jvm/java-1.8.0-oracle-1.8.0.31.x86_64/jre/lib/amd64/libverify.so
7f2a59c55000-7f2a59c5c000 r-xp 00000000 fd:00 12845311                   /lib64/librt-2.12.so
7f2a59c5c000-7f2a59e5b000 ---p 00007000 fd:00 12845311                   /lib64/librt-2.12.so
7f2a59e5b000-7f2a59e5c000 r--p 00006000 fd:00 12845311                   /lib64/librt-2.12.so
7f2a59e5c000-7f2a59e5d000 rw-p 00007000 fd:00 12845311                   /lib64/librt-2.12.so
7f2a59e5d000-7f2a59ee0000 r-xp 00000000 fd:00 12845243                   /lib64/libm-2.12.so
7f2a59ee0000-7f2a5a0df000 ---p 00083000 fd:00 12845243                   /lib64/libm-2.12.so
7f2a5a0df000-7f2a5a0e0000 r--p 00082000 fd:00 12845243                   /lib64/libm-2.12.so
7f2a5a0e0000-7f2a5a0e1000 rw-p 00083000 fd:00 12845243                   /lib64/libm-2.12.so
7f2a5a0e1000-7f2a5ad4f000 r-xp 00000000 fd:00 2379998                    /usr/lib/jvm/java-1.8.0-oracle-1.8.0.31.x86_64/jre/lib/amd64/server/libjvm.so
7f2a5ad4f000-7f2a5af4e000 ---p 00c6e000 fd:00 2379998                    /usr/lib/jvm/java-1.8.0-oracle-1.8.0.31.x86_64/jre/lib/amd64/server/libjvm.so
7f2a5af4e000-7f2a5b024000 rw-p 00c6d000 fd:00 2379998                    /usr/lib/jvm/java-1.8.0-oracle-1.8.0.31.x86_64/jre/lib/amd64/server/libjvm.so
7f2a5b024000-7f2a5b067000 rw-p 00000000 00:00 0 
7f2a5b067000-7f2a5b1f1000 r-xp 00000000 fd:00 12845162                   /lib64/libc-2.12.so
7f2a5b1f1000-7f2a5b3f1000 ---p 0018a000 fd:00 12845162                   /lib64/libc-2.12.so
7f2a5b3f1000-7f2a5b3f5000 r--p 0018a000 fd:00 12845162                   /lib64/libc-2.12.so
7f2a5b3f5000-7f2a5b3f6000 rw-p 0018e000 fd:00 12845162                   /lib64/libc-2.12.so
7f2a5b3f6000-7f2a5b3fb000 rw-p 00000000 00:00 0 
7f2a5b3fb000-7f2a5b3fd000 r-xp 00000000 fd:00 12845236                   /lib64/libdl-2.12.so
7f2a5b3fd000-7f2a5b5fd000 ---p 00002000 fd:00 12845236                   /lib64/libdl-2.12.so
7f2a5b5fd000-7f2a5b5fe000 r--p 00002000 fd:00 12845236                   /lib64/libdl-2.12.so
7f2a5b5fe000-7f2a5b5ff000 rw-p 00003000 fd:00 12845236                   /lib64/libdl-2.12.so
7f2a5b5ff000-7f2a5b614000 r-xp 00000000 fd:00 2379949                    /usr/lib/jvm/java-1.8.0-oracle-1.8.0.31.x86_64/jre/lib/amd64/jli/libjli.so
7f2a5b614000-7f2a5b813000 ---p 00015000 fd:00 2379949                    /usr/lib/jvm/java-1.8.0-oracle-1.8.0.31.x86_64/jre/lib/amd64/jli/libjli.so
7f2a5b813000-7f2a5b814000 rw-p 00014000 fd:00 2379949                    /usr/lib/jvm/java-1.8.0-oracle-1.8.0.31.x86_64/jre/lib/amd64/jli/libjli.so
7f2a5b814000-7f2a5b82b000 r-xp 00000000 fd:00 12845256                   /lib64/libpthread-2.12.so
7f2a5b82b000-7f2a5ba2b000 ---p 00017000 fd:00 12845256                   /lib64/libpthread-2.12.so
7f2a5ba2b000-7f2a5ba2c000 r--p 00017000 fd:00 12845256                   /lib64/libpthread-2.12.so
7f2a5ba2c000-7f2a5ba2d000 rw-p 00018000 fd:00 12845256                   /lib64/libpthread-2.12.so
7f2a5ba2d000-7f2a5ba31000 rw-p 00000000 00:00 0 
7f2a5ba31000-7f2a5ba51000 r-xp 00000000 fd:00 12845078                   /lib64/ld-2.12.so
7f2a5bb1c000-7f2a5bb1f000 ---p 00000000 00:00 0 
7f2a5bb1f000-7f2a5bc21000 rw-p 00000000 00:00 0 
7f2a5bc42000-7f2a5bc45000 rw-p 00000000 00:00 0 
7f2a5bc45000-7f2a5bc4d000 rw-s 00000000 fd:00 10117985                   /tmp/hsperfdata_xiangyus/23592
7f2a5bc4d000-7f2a5bc4e000 rw-p 00000000 00:00 0 
7f2a5bc4e000-7f2a5bc4f000 r--p 00000000 00:00 0 
7f2a5bc4f000-7f2a5bc50000 rw-p 00000000 00:00 0 
7f2a5bc50000-7f2a5bc51000 r--p 0001f000 fd:00 12845078                   /lib64/ld-2.12.so
7f2a5bc51000-7f2a5bc52000 rw-p 00020000 fd:00 12845078                   /lib64/ld-2.12.so
7f2a5bc52000-7f2a5bc53000 rw-p 00000000 00:00 0 
7fff2031a000-7fff2032f000 rw-p 00000000 00:00 0                          [stack]
7fff203ff000-7fff20400000 r-xp 00000000 00:00 0                          [vdso]
ffffffffff600000-ffffffffff601000 r-xp 00000000 00:00 0                  [vsyscall]

VM Arguments:
jvm_args: -Djava.rmi.server.hostname=127.0.0.1 
java_command: Server 127.0.0.1 15440
java_class_path (initial): /afs/andrew.cmu.edu/usr11/xiangyus/15440/15440-p3/sample:/afs/andrew.cmu.edu/usr11/xiangyus/15440/15440-p3/sample/../lib
Launcher Type: SUN_STANDARD

Environment Variables:
JAVA_HOME=/usr/java/jdk1.7.0_67/bin/java
CLASSPATH=/afs/andrew.cmu.edu/usr11/xiangyus/15440/15440-p3/sample:/afs/andrew.cmu.edu/usr11/xiangyus/15440/15440-p3/sample/../lib
PATH=/usr/lib64/qt-3.3/bin:/usr/lib64/ccache:/usr/local/bin:/bin:/usr/bin:/usr/local/sbin:/usr/sbin:/sbin:/usr/java/jdk1.7.0_67/bin
SHELL=/bin/bash

Signal Handlers:
SIGSEGV: [libjvm.so+0xa7a650], sa_mask[0]=11111111011111111101111111111110, sa_flags=SA_RESTART|SA_SIGINFO
SIGBUS: [libjvm.so+0xa7a650], sa_mask[0]=11111111011111111101111111111110, sa_flags=SA_RESTART|SA_SIGINFO
SIGFPE: [libjvm.so+0x8e28f0], sa_mask[0]=11111111011111111101111111111110, sa_flags=SA_RESTART|SA_SIGINFO
SIGPIPE: [libjvm.so+0x8e28f0], sa_mask[0]=11111111011111111101111111111110, sa_flags=SA_RESTART|SA_SIGINFO
SIGXFSZ: [libjvm.so+0x8e28f0], sa_mask[0]=11111111011111111101111111111110, sa_flags=SA_RESTART|SA_SIGINFO
SIGILL: [libjvm.so+0x8e28f0], sa_mask[0]=11111111011111111101111111111110, sa_flags=SA_RESTART|SA_SIGINFO
SIGUSR1: SIG_DFL, sa_mask[0]=00000000000000000000000000000000, sa_flags=none
SIGUSR2: [libjvm.so+0x8e4120], sa_mask[0]=00100000000000000000000000000000, sa_flags=SA_RESTART|SA_SIGINFO
SIGHUP: SIG_DFL, sa_mask[0]=00000000000000000000000000000000, sa_flags=none
SIGINT: SIG_DFL, sa_mask[0]=00000000000000000000000000000000, sa_flags=none
SIGTERM: SIG_DFL, sa_mask[0]=00000000000000000000000000000000, sa_flags=none
SIGQUIT: SIG_DFL, sa_mask[0]=00000000000000000000000000000000, sa_flags=none


---------------  S Y S T E M  ---------------

OS:Red Hat Enterprise Linux Workstation release 6.6 (Santiago)

uname:Linux 2.6.32-504.12.2.el6.x86_64 #1 SMP Sun Feb 1 12:14:02 EST 2015 x86_64
libc:glibc 2.12 NPTL 2.12 
rlimit: STACK 10240k, CORE 0k, NPROC 1024, NOFILE 4096, AS infinity
load average:1.67 0.77 0.47

/proc/meminfo:
MemTotal:       24589736 kB
MemFree:        19116640 kB
Buffers:          181720 kB
Cached:          1476060 kB
SwapCached:        79252 kB
Active:          3820940 kB
Inactive:         785712 kB
Active(anon):    2783192 kB
Inactive(anon):   172904 kB
Active(file):    1037748 kB
Inactive(file):   612808 kB
Unevictable:           0 kB
Mlocked:               0 kB
SwapTotal:       1023996 kB
SwapFree:         787452 kB
Dirty:              1440 kB
Writeback:             0 kB
AnonPages:       2771612 kB
Mapped:            53436 kB
Shmem:              7224 kB
Slab:             561896 kB
SReclaimable:     466584 kB
SUnreclaim:        95312 kB
KernelStack:       16840 kB
PageTables:        47816 kB
NFS_Unstable:          0 kB
Bounce:                0 kB
WritebackTmp:          0 kB
CommitLimit:    13318864 kB
Committed_AS:   20571880 kB
VmallocTotal:   34359738367 kB
VmallocUsed:      334980 kB
VmallocChunk:   34346352420 kB
HardwareCorrupted:     0 kB
AnonHugePages:   1951744 kB
HugePages_Total:       0
HugePages_Free:        0
HugePages_Rsvd:        0
HugePages_Surp:        0
Hugepagesize:       2048 kB
DirectMap4k:        5604 kB
DirectMap2M:     2078720 kB
DirectMap1G:    23068672 kB


CPU:total 24 (6 cores per cpu, 2 threads per core) family 6 model 44 stepping 2, cmov, cx8, fxsr, mmx, sse, sse2, sse3, ssse3, sse4.1, sse4.2, popcnt, aes, clmul, ht, tsc, tscinvbit, tscinv

/proc/cpuinfo:
processor	: 0
vendor_id	: GenuineIntel
cpu family	: 6
model		: 44
model name	: Intel(R) Xeon(R) CPU           E5645  @ 2.40GHz
stepping	: 2
microcode	: 19
cpu MHz		: 2393.972
cache size	: 12288 KB
physical id	: 1
siblings	: 12
core id		: 0
cpu cores	: 6
apicid		: 32
initial apicid	: 32
fpu		: yes
fpu_exception	: yes
cpuid level	: 11
wp		: yes
flags		: fpu vme de pse tsc msr pae mce cx8 apic sep mtrr pge mca cmov pat pse36 clflush dts acpi mmx fxsr sse sse2 ss ht tm pbe syscall nx pdpe1gb rdtscp lm constant_tsc arch_perfmon pebs bts rep_good xtopology nonstop_tsc aperfmperf pni pclmulqdq dtes64 monitor ds_cpl vmx smx est tm2 ssse3 cx16 xtpr pdcm pcid dca sse4_1 sse4_2 popcnt aes lahf_lm ida arat dts tpr_shadow vnmi flexpriority ept vpid
bogomips	: 4787.94
clflush size	: 64
cache_alignment	: 64
address sizes	: 40 bits physical, 48 bits virtual
power management:

processor	: 1
vendor_id	: GenuineIntel
cpu family	: 6
model		: 44
model name	: Intel(R) Xeon(R) CPU           E5645  @ 2.40GHz
stepping	: 2
microcode	: 19
cpu MHz		: 2393.972
cache size	: 12288 KB
physical id	: 0
siblings	: 12
core id		: 0
cpu cores	: 6
apicid		: 0
initial apicid	: 0
fpu		: yes
fpu_exception	: yes
cpuid level	: 11
wp		: yes
flags		: fpu vme de pse tsc msr pae mce cx8 apic sep mtrr pge mca cmov pat pse36 clflush dts acpi mmx fxsr sse sse2 ss ht tm pbe syscall nx pdpe1gb rdtscp lm constant_tsc arch_perfmon pebs bts rep_good xtopology nonstop_tsc aperfmperf pni pclmulqdq dtes64 monitor ds_cpl vmx smx est tm2 ssse3 cx16 xtpr pdcm pcid dca sse4_1 sse4_2 popcnt aes lahf_lm ida arat dts tpr_shadow vnmi flexpriority ept vpid
bogomips	: 4787.83
clflush size	: 64
cache_alignment	: 64
address sizes	: 40 bits physical, 48 bits virtual
power management:

processor	: 2
vendor_id	: GenuineIntel
cpu family	: 6
model		: 44
model name	: Intel(R) Xeon(R) CPU           E5645  @ 2.40GHz
stepping	: 2
microcode	: 19
cpu MHz		: 2393.972
cache size	: 12288 KB
physical id	: 1
siblings	: 12
core id		: 1
cpu cores	: 6
apicid		: 34
initial apicid	: 34
fpu		: yes
fpu_exception	: yes
cpuid level	: 11
wp		: yes
flags		: fpu vme de pse tsc msr pae mce cx8 apic sep mtrr pge mca cmov pat pse36 clflush dts acpi mmx fxsr sse sse2 ss ht tm pbe syscall nx pdpe1gb rdtscp lm constant_tsc arch_perfmon pebs bts rep_good xtopology nonstop_tsc aperfmperf pni pclmulqdq dtes64 monitor ds_cpl vmx smx est tm2 ssse3 cx16 xtpr pdcm pcid dca sse4_1 sse4_2 popcnt aes lahf_lm ida arat dts tpr_shadow vnmi flexpriority ept vpid
bogomips	: 4787.94
clflush size	: 64
cache_alignment	: 64
address sizes	: 40 bits physical, 48 bits virtual
power management:

processor	: 3
vendor_id	: GenuineIntel
cpu family	: 6
model		: 44
model name	: Intel(R) Xeon(R) CPU           E5645  @ 2.40GHz
stepping	: 2
microcode	: 19
cpu MHz		: 2393.972
cache size	: 12288 KB
physical id	: 0
siblings	: 12
core id		: 1
cpu cores	: 6
apicid		: 2
initial apicid	: 2
fpu		: yes
fpu_exception	: yes
cpuid level	: 11
wp		: yes
flags		: fpu vme de pse tsc msr pae mce cx8 apic sep mtrr pge mca cmov pat pse36 clflush dts acpi mmx fxsr sse sse2 ss ht tm pbe syscall nx pdpe1gb rdtscp lm constant_tsc arch_perfmon pebs bts rep_good xtopology nonstop_tsc aperfmperf pni pclmulqdq dtes64 monitor ds_cpl vmx smx est tm2 ssse3 cx16 xtpr pdcm pcid dca sse4_1 sse4_2 popcnt aes lahf_lm ida arat dts tpr_shadow vnmi flexpriority ept vpid
bogomips	: 4787.83
clflush size	: 64
cache_alignment	: 64
address sizes	: 40 bits physical, 48 bits virtual
power management:

processor	: 4
vendor_id	: GenuineIntel
cpu family	: 6
model		: 44
model name	: Intel(R) Xeon(R) CPU           E5645  @ 2.40GHz
stepping	: 2
microcode	: 19
cpu MHz		: 2393.972
cache size	: 12288 KB
physical id	: 1
siblings	: 12
core id		: 2
cpu cores	: 6
apicid		: 36
initial apicid	: 36
fpu		: yes
fpu_exception	: yes
cpuid level	: 11
wp		: yes
flags		: fpu vme de pse tsc msr pae mce cx8 apic sep mtrr pge mca cmov pat pse36 clflush dts acpi mmx fxsr sse sse2 ss ht tm pbe syscall nx pdpe1gb rdtscp lm constant_tsc arch_perfmon pebs bts rep_good xtopology nonstop_tsc aperfmperf pni pclmulqdq dtes64 monitor ds_cpl vmx smx est tm2 ssse3 cx16 xtpr pdcm pcid dca sse4_1 sse4_2 popcnt aes lahf_lm ida arat dts tpr_shadow vnmi flexpriority ept vpid
bogomips	: 4787.94
clflush size	: 64
cache_alignment	: 64
address sizes	: 40 bits physical, 48 bits virtual
power management:

processor	: 5
vendor_id	: GenuineIntel
cpu family	: 6
model		: 44
model name	: Intel(R) Xeon(R) CPU           E5645  @ 2.40GHz
stepping	: 2
microcode	: 19
cpu MHz		: 2393.972
cache size	: 12288 KB
physical id	: 0
siblings	: 12
core id		: 2
cpu cores	: 6
apicid		: 4
initial apicid	: 4
fpu		: yes
fpu_exception	: yes
cpuid level	: 11
wp		: yes
flags		: fpu vme de pse tsc msr pae mce cx8 apic sep mtrr pge mca cmov pat pse36 clflush dts acpi mmx fxsr sse sse2 ss ht tm pbe syscall nx pdpe1gb rdtscp lm constant_tsc arch_perfmon pebs bts rep_good xtopology nonstop_tsc aperfmperf pni pclmulqdq dtes64 monitor ds_cpl vmx smx est tm2 ssse3 cx16 xtpr pdcm pcid dca sse4_1 sse4_2 popcnt aes lahf_lm ida arat dts tpr_shadow vnmi flexpriority ept vpid
bogomips	: 4787.83
clflush size	: 64
cache_alignment	: 64
address sizes	: 40 bits physical, 48 bits virtual
power management:

processor	: 6
vendor_id	: GenuineIntel
cpu family	: 6
model		: 44
model name	: Intel(R) Xeon(R) CPU           E5645  @ 2.40GHz
stepping	: 2
microcode	: 19
cpu MHz		: 2393.972
cache size	: 12288 KB
physical id	: 1
siblings	: 12
core id		: 8
cpu cores	: 6
apicid		: 48
initial apicid	: 48
fpu		: yes
fpu_exception	: yes
cpuid level	: 11
wp		: yes
flags		: fpu vme de pse tsc msr pae mce cx8 apic sep mtrr pge mca cmov pat pse36 clflush dts acpi mmx fxsr sse sse2 ss ht tm pbe syscall nx pdpe1gb rdtscp lm constant_tsc arch_perfmon pebs bts rep_good xtopology nonstop_tsc aperfmperf pni pclmulqdq dtes64 monitor ds_cpl vmx smx est tm2 ssse3 cx16 xtpr pdcm pcid dca sse4_1 sse4_2 popcnt aes lahf_lm ida arat dts tpr_shadow vnmi flexpriority ept vpid
bogomips	: 4787.94
clflush size	: 64
cache_alignment	: 64
address sizes	: 40 bits physical, 48 bits virtual
power management:

processor	: 7
vendor_id	: GenuineIntel
cpu family	: 6
model		: 44
model name	: Intel(R) Xeon(R) CPU           E5645  @ 2.40GHz
stepping	: 2
microcode	: 19
cpu MHz		: 2393.972
cache size	: 12288 KB
physical id	: 0
siblings	: 12
core id		: 8
cpu cores	: 6
apicid		: 16
initial apicid	: 16
fpu		: yes
fpu_exception	: yes
cpuid level	: 11
wp		: yes
flags		: fpu vme de pse tsc msr pae mce cx8 apic sep mtrr pge mca cmov pat pse36 clflush dts acpi mmx fxsr sse sse2 ss ht tm pbe syscall nx pdpe1gb rdtscp lm constant_tsc arch_perfmon pebs bts rep_good xtopology nonstop_tsc aperfmperf pni pclmulqdq dtes64 monitor ds_cpl vmx smx est tm2 ssse3 cx16 xtpr pdcm pcid dca sse4_1 sse4_2 popcnt aes lahf_lm ida arat dts tpr_shadow vnmi flexpriority ept vpid
bogomips	: 4787.83
clflush size	: 64
cache_alignment	: 64
address sizes	: 40 bits physical, 48 bits virtual
power management:

processor	: 8
vendor_id	: GenuineIntel
cpu family	: 6
model		: 44
model name	: Intel(R) Xeon(R) CPU           E5645  @ 2.40GHz
stepping	: 2
microcode	: 19
cpu MHz		: 2393.972
cache size	: 12288 KB
physical id	: 1
siblings	: 12
core id		: 9
cpu cores	: 6
apicid		: 50
initial apicid	: 50
fpu		: yes
fpu_exception	: yes
cpuid level	: 11
wp		: yes
flags		: fpu vme de pse tsc msr pae mce cx8 apic sep mtrr pge mca cmov pat pse36 clflush dts acpi mmx fxsr sse sse2 ss ht tm pbe syscall nx pdpe1gb rdtscp lm constant_tsc arch_perfmon pebs bts rep_good xtopology nonstop_tsc aperfmperf pni pclmulqdq dtes64 monitor ds_cpl vmx smx est tm2 ssse3 cx16 xtpr pdcm pcid dca sse4_1 sse4_2 popcnt aes lahf_lm ida arat dts tpr_shadow vnmi flexpriority ept vpid
bogomips	: 4787.94
clflush size	: 64
cache_alignment	: 64
address sizes	: 40 bits physical, 48 bits virtual
power management:

processor	: 9
vendor_id	: GenuineIntel
cpu family	: 6
model		: 44
model name	: Intel(R) Xeon(R) CPU           E5645  @ 2.40GHz
stepping	: 2
microcode	: 19
cpu MHz		: 2393.972
cache size	: 12288 KB
physical id	: 0
siblings	: 12
core id		: 9
cpu cores	: 6
apicid		: 18
initial apicid	: 18
fpu		: yes
fpu_exception	: yes
cpuid level	: 11
wp		: yes
flags		: fpu vme de pse tsc msr pae mce cx8 apic sep mtrr pge mca cmov pat pse36 clflush dts acpi mmx fxsr sse sse2 ss ht tm pbe syscall nx pdpe1gb rdtscp lm constant_tsc arch_perfmon pebs bts rep_good xtopology nonstop_tsc aperfmperf pni pclmulqdq dtes64 monitor ds_cpl vmx smx est tm2 ssse3 cx16 xtpr pdcm pcid dca sse4_1 sse4_2 popcnt aes lahf_lm ida arat dts tpr_shadow vnmi flexpriority ept vpid
bogomips	: 4787.83
clflush size	: 64
cache_alignment	: 64
address sizes	: 40 bits physical, 48 bits virtual
power management:

processor	: 10
vendor_id	: GenuineIntel
cpu family	: 6
model		: 44
model name	: Intel(R) Xeon(R) CPU           E5645  @ 2.40GHz
stepping	: 2
microcode	: 19
cpu MHz		: 2393.972
cache size	: 12288 KB
physical id	: 1
siblings	: 12
core id		: 10
cpu cores	: 6
apicid		: 52
initial apicid	: 52
fpu		: yes
fpu_exception	: yes
cpuid level	: 11
wp		: yes
flags		: fpu vme de pse tsc msr pae mce cx8 apic sep mtrr pge mca cmov pat pse36 clflush dts acpi mmx fxsr sse sse2 ss ht tm pbe syscall nx pdpe1gb rdtscp lm constant_tsc arch_perfmon pebs bts rep_good xtopology nonstop_tsc aperfmperf pni pclmulqdq dtes64 monitor ds_cpl vmx smx est tm2 ssse3 cx16 xtpr pdcm pcid dca sse4_1 sse4_2 popcnt aes lahf_lm ida arat dts tpr_shadow vnmi flexpriority ept vpid
bogomips	: 4787.94
clflush size	: 64
cache_alignment	: 64
address sizes	: 40 bits physical, 48 bits virtual
power management:

processor	: 11
vendor_id	: GenuineIntel
cpu family	: 6
model		: 44
model name	: Intel(R) Xeon(R) CPU           E5645  @ 2.40GHz
stepping	: 2
microcode	: 19
cpu MHz		: 2393.972
cache size	: 12288 KB
physical id	: 0
siblings	: 12
core id		: 10
cpu cores	: 6
apicid		: 20
initial apicid	: 20
fpu		: yes
fpu_exception	: yes
cpuid level	: 11
wp		: yes
flags		: fpu vme de pse tsc msr pae mce cx8 apic sep mtrr pge mca cmov pat pse36 clflush dts acpi mmx fxsr sse sse2 ss ht tm pbe syscall nx pdpe1gb rdtscp lm constant_tsc arch_perfmon pebs bts rep_good xtopology nonstop_tsc aperfmperf pni pclmulqdq dtes64 monitor ds_cpl vmx smx est tm2 ssse3 cx16 xtpr pdcm pcid dca sse4_1 sse4_2 popcnt aes lahf_lm ida arat dts tpr_shadow vnmi flexpriority ept vpid
bogomips	: 4787.83
clflush size	: 64
cache_alignment	: 64
address sizes	: 40 bits physical, 48 bits virtual
power management:

processor	: 12
vendor_id	: GenuineIntel
cpu family	: 6
model		: 44
model name	: Intel(R) Xeon(R) CPU           E5645  @ 2.40GHz
stepping	: 2
microcode	: 19
cpu MHz		: 2393.972
cache size	: 12288 KB
physical id	: 1
siblings	: 12
core id		: 0
cpu cores	: 6
apicid		: 33
initial apicid	: 33
fpu		: yes
fpu_exception	: yes
cpuid level	: 11
wp		: yes
flags		: fpu vme de pse tsc msr pae mce cx8 apic sep mtrr pge mca cmov pat pse36 clflush dts acpi mmx fxsr sse sse2 ss ht tm pbe syscall nx pdpe1gb rdtscp lm constant_tsc arch_perfmon pebs bts rep_good xtopology nonstop_tsc aperfmperf pni pclmulqdq dtes64 monitor ds_cpl vmx smx est tm2 ssse3 cx16 xtpr pdcm pcid dca sse4_1 sse4_2 popcnt aes lahf_lm ida arat dts tpr_shadow vnmi flexpriority ept vpid
bogomips	: 4787.94
clflush size	: 64
cache_alignment	: 64
address sizes	: 40 bits physical, 48 bits virtual
power management:

processor	: 13
vendor_id	: GenuineIntel
cpu family	: 6
model		: 44
model name	: Intel(R) Xeon(R) CPU           E5645  @ 2.40GHz
stepping	: 2
microcode	: 19
cpu MHz		: 2393.972
cache size	: 12288 KB
physical id	: 0
siblings	: 12
core id		: 0
cpu cores	: 6
apicid		: 1
initial apicid	: 1
fpu		: yes
fpu_exception	: yes
cpuid level	: 11
wp		: yes
flags		: fpu vme de pse tsc msr pae mce cx8 apic sep mtrr pge mca cmov pat pse36 clflush dts acpi mmx fxsr sse sse2 ss ht tm pbe syscall nx pdpe1gb rdtscp lm constant_tsc arch_perfmon pebs bts rep_good xtopology nonstop_tsc aperfmperf pni pclmulqdq dtes64 monitor ds_cpl vmx smx est tm2 ssse3 cx16 xtpr pdcm pcid dca sse4_1 sse4_2 popcnt aes lahf_lm ida arat dts tpr_shadow vnmi flexpriority ept vpid
bogomips	: 4787.83
clflush size	: 64
cache_alignment	: 64
address sizes	: 40 bits physical, 48 bits virtual
power management:

processor	: 14
vendor_id	: GenuineIntel
cpu family	: 6
model		: 44
model name	: Intel(R) Xeon(R) CPU           E5645  @ 2.40GHz
stepping	: 2
microcode	: 19
cpu MHz		: 2393.972
cache size	: 12288 KB
physical id	: 1
siblings	: 12
core id		: 1
cpu cores	: 6
apicid		: 35
initial apicid	: 35
fpu		: yes
fpu_exception	: yes
cpuid level	: 11
wp		: yes
flags		: fpu vme de pse tsc msr pae mce cx8 apic sep mtrr pge mca cmov pat pse36 clflush dts acpi mmx fxsr sse sse2 ss ht tm pbe syscall nx pdpe1gb rdtscp lm constant_tsc arch_perfmon pebs bts rep_good xtopology nonstop_tsc aperfmperf pni pclmulqdq dtes64 monitor ds_cpl vmx smx est tm2 ssse3 cx16 xtpr pdcm pcid dca sse4_1 sse4_2 popcnt aes lahf_lm ida arat dts tpr_shadow vnmi flexpriority ept vpid
bogomips	: 4787.94
clflush size	: 64
cache_alignment	: 64
address sizes	: 40 bits physical, 48 bits virtual
power management:

processor	: 15
vendor_id	: GenuineIntel
cpu family	: 6
model		: 44
model name	: Intel(R) Xeon(R) CPU           E5645  @ 2.40GHz
stepping	: 2
microcode	: 19
cpu MHz		: 2393.972
cache size	: 12288 KB
physical id	: 0
siblings	: 12
core id		: 1
cpu cores	: 6
apicid		: 3
initial apicid	: 3
fpu		: yes
fpu_exception	: yes
cpuid level	: 11
wp		: yes
flags		: fpu vme de pse tsc msr pae mce cx8 apic sep mtrr pge mca cmov pat pse36 clflush dts acpi mmx fxsr sse sse2 ss ht tm pbe syscall nx pdpe1gb rdtscp lm constant_tsc arch_perfmon pebs bts rep_good xtopology nonstop_tsc aperfmperf pni pclmulqdq dtes64 monitor ds_cpl vmx smx est tm2 ssse3 cx16 xtpr pdcm pcid dca sse4_1 sse4_2 popcnt aes lahf_lm ida arat dts tpr_shadow vnmi flexpriority ept vpid
bogomips	: 4787.83
clflush size	: 64
cache_alignment	: 64
address sizes	: 40 bits physical, 48 bits virtual
power management:

processor	: 16
vendor_id	: GenuineIntel
cpu family	: 6
model		: 44
model name	: Intel(R) Xeon(R) CPU           E5645  @ 2.40GHz
stepping	: 2
microcode	: 19
cpu MHz		: 2393.972
cache size	: 12288 KB
physical id	: 1
siblings	: 12
core id		: 2
cpu cores	: 6
apicid		: 37
initial apicid	: 37
fpu		: yes
fpu_exception	: yes
cpuid level	: 11
wp		: yes
flags		: fpu vme de pse tsc msr pae mce cx8 apic sep mtrr pge mca cmov pat pse36 clflush dts acpi mmx fxsr sse sse2 ss ht tm pbe syscall nx pdpe1gb rdtscp lm constant_tsc arch_perfmon pebs bts rep_good xtopology nonstop_tsc aperfmperf pni pclmulqdq dtes64 monitor ds_cpl vmx smx est tm2 ssse3 cx16 xtpr pdcm pcid dca sse4_1 sse4_2 popcnt aes lahf_lm ida arat dts tpr_shadow vnmi flexpriority ept vpid
bogomips	: 4787.94
clflush size	: 64
cache_alignment	: 64
address sizes	: 40 bits physical, 48 bits virtual
power management:

processor	: 17
vendor_id	: GenuineIntel
cpu family	: 6
model		: 44
model name	: Intel(R) Xeon(R) CPU           E5645  @ 2.40GHz
stepping	: 2
microcode	: 19
cpu MHz		: 2393.972
cache size	: 12288 KB
physical id	: 0
siblings	: 12
core id		: 2
cpu cores	: 6
apicid		: 5
initial apicid	: 5
fpu		: yes
fpu_exception	: yes
cpuid level	: 11
wp		: yes
flags		: fpu vme de pse tsc msr pae mce cx8 apic sep mtrr pge mca cmov pat pse36 clflush dts acpi mmx fxsr sse sse2 ss ht tm pbe syscall nx pdpe1gb rdtscp lm constant_tsc arch_perfmon pebs bts rep_good xtopology nonstop_tsc aperfmperf pni pclmulqdq dtes64 monitor ds_cpl vmx smx est tm2 ssse3 cx16 xtpr pdcm pcid dca sse4_1 sse4_2 popcnt aes lahf_lm ida arat dts tpr_shadow vnmi flexpriority ept vpid
bogomips	: 4787.83
clflush size	: 64
cache_alignment	: 64
address sizes	: 40 bits physical, 48 bits virtual
power management:

processor	: 18
vendor_id	: GenuineIntel
cpu family	: 6
model		: 44
model name	: Intel(R) Xeon(R) CPU           E5645  @ 2.40GHz
stepping	: 2
microcode	: 19
cpu MHz		: 2393.972
cache size	: 12288 KB
physical id	: 1
siblings	: 12
core id		: 8
cpu cores	: 6
apicid		: 49
initial apicid	: 49
fpu		: yes
fpu_exception	: yes
cpuid level	: 11
wp		: yes
flags		: fpu vme de pse tsc msr pae mce cx8 apic sep mtrr pge mca cmov pat pse36 clflush dts acpi mmx fxsr sse sse2 ss ht tm pbe syscall nx pdpe1gb rdtscp lm constant_tsc arch_perfmon pebs bts rep_good xtopology nonstop_tsc aperfmperf pni pclmulqdq dtes64 monitor ds_cpl vmx smx est tm2 ssse3 cx16 xtpr pdcm pcid dca sse4_1 sse4_2 popcnt aes lahf_lm ida arat dts tpr_shadow vnmi flexpriority ept vpid
bogomips	: 4787.94
clflush size	: 64
cache_alignment	: 64
address sizes	: 40 bits physical, 48 bits virtual
power management:

processor	: 19
vendor_id	: GenuineIntel
cpu family	: 6
model		: 44
model name	: Intel(R) Xeon(R) CPU           E5645  @ 2.40GHz
stepping	: 2
microcode	: 19
cpu MHz		: 2393.972
cache size	: 12288 KB
physical id	: 0
siblings	: 12
core id		: 8
cpu cores	: 6
apicid		: 17
initial apicid	: 17
fpu		: yes
fpu_exception	: yes
cpuid level	: 11
wp		: yes
flags		: fpu vme de pse tsc msr pae mce cx8 apic sep mtrr pge mca cmov pat pse36 clflush dts acpi mmx fxsr sse sse2 ss ht tm pbe syscall nx pdpe1gb rdtscp lm constant_tsc arch_perfmon pebs bts rep_good xtopology nonstop_tsc aperfmperf pni pclmulqdq dtes64 monitor ds_cpl vmx smx est tm2 ssse3 cx16 xtpr pdcm pcid dca sse4_1 sse4_2 popcnt aes lahf_lm ida arat dts tpr_shadow vnmi flexpriority ept vpid
bogomips	: 4787.83
clflush size	: 64
cache_alignment	: 64
address sizes	: 40 bits physical, 48 bits virtual
power management:

processor	: 20
vendor_id	: GenuineIntel
cpu family	: 6
model		: 44
model name	: Intel(R) Xeon(R) CPU           E5645  @ 2.40GHz
stepping	: 2
microcode	: 19
cpu MHz		: 2393.972
cache size	: 12288 KB
physical id	: 1
siblings	: 12
core id		: 9
cpu cores	: 6
apicid		: 51
initial apicid	: 51
fpu		: yes
fpu_exception	: yes
cpuid level	: 11
wp		: yes
flags		: fpu vme de pse tsc msr pae mce cx8 apic sep mtrr pge mca cmov pat pse36 clflush dts acpi mmx fxsr sse sse2 ss ht tm pbe syscall nx pdpe1gb rdtscp lm constant_tsc arch_perfmon pebs bts rep_good xtopology nonstop_tsc aperfmperf pni pclmulqdq dtes64 monitor ds_cpl vmx smx est tm2 ssse3 cx16 xtpr pdcm pcid dca sse4_1 sse4_2 popcnt aes lahf_lm ida arat dts tpr_shadow vnmi flexpriority ept vpid
bogomips	: 4787.94
clflush size	: 64
cache_alignment	: 64
address sizes	: 40 bits physical, 48 bits virtual
power management:

processor	: 21
vendor_id	: GenuineIntel
cpu family	: 6
model		: 44
model name	: Intel(R) Xeon(R) CPU           E5645  @ 2.40GHz
stepping	: 2
microcode	: 19
cpu MHz		: 2393.972
cache size	: 12288 KB
physical id	: 0
siblings	: 12
core id		: 9
cpu cores	: 6
apicid		: 19
initial apicid	: 19
fpu		: yes
fpu_exception	: yes
cpuid level	: 11
wp		: yes
flags		: fpu vme de pse tsc msr pae mce cx8 apic sep mtrr pge mca cmov pat pse36 clflush dts acpi mmx fxsr sse sse2 ss ht tm pbe syscall nx pdpe1gb rdtscp lm constant_tsc arch_perfmon pebs bts rep_good xtopology nonstop_tsc aperfmperf pni pclmulqdq dtes64 monitor ds_cpl vmx smx est tm2 ssse3 cx16 xtpr pdcm pcid dca sse4_1 sse4_2 popcnt aes lahf_lm ida arat dts tpr_shadow vnmi flexpriority ept vpid
bogomips	: 4787.83
clflush size	: 64
cache_alignment	: 64
address sizes	: 40 bits physical, 48 bits virtual
power management:

processor	: 22
vendor_id	: GenuineIntel
cpu family	: 6
model		: 44
model name	: Intel(R) Xeon(R) CPU           E5645  @ 2.40GHz
stepping	: 2
microcode	: 19
cpu MHz		: 2393.972
cache size	: 12288 KB
physical id	: 1
siblings	: 12
core id		: 10
cpu cores	: 6
apicid		: 53
initial apicid	: 53
fpu		: yes
fpu_exception	: yes
cpuid level	: 11
wp		: yes
flags		: fpu vme de pse tsc msr pae mce cx8 apic sep mtrr pge mca cmov pat pse36 clflush dts acpi mmx fxsr sse sse2 ss ht tm pbe syscall nx pdpe1gb rdtscp lm constant_tsc arch_perfmon pebs bts rep_good xtopology nonstop_tsc aperfmperf pni pclmulqdq dtes64 monitor ds_cpl vmx smx est tm2 ssse3 cx16 xtpr pdcm pcid dca sse4_1 sse4_2 popcnt aes lahf_lm ida arat dts tpr_shadow vnmi flexpriority ept vpid
bogomips	: 4787.94
clflush size	: 64
cache_alignment	: 64
address sizes	: 40 bits physical, 48 bits virtual
power management:

processor	: 23
vendor_id	: GenuineIntel
cpu family	: 6
model		: 44
model name	: Intel(R) Xeon(R) CPU           E5645  @ 2.40GHz
stepping	: 2
microcode	: 19
cpu MHz		: 2393.972
cache size	: 12288 KB
physical id	: 0
siblings	: 12
core id		: 10
cpu cores	: 6
apicid		: 21
initial apicid	: 21
fpu		: yes
fpu_exception	: yes
cpuid level	: 11
wp		: yes
flags		: fpu vme de pse tsc msr pae mce cx8 apic sep mtrr pge mca cmov pat pse36 clflush dts acpi mmx fxsr sse sse2 ss ht tm pbe syscall nx pdpe1gb rdtscp lm constant_tsc arch_perfmon pebs bts rep_good xtopology nonstop_tsc aperfmperf pni pclmulqdq dtes64 monitor ds_cpl vmx smx est tm2 ssse3 cx16 xtpr pdcm pcid dca sse4_1 sse4_2 popcnt aes lahf_lm ida arat dts tpr_shadow vnmi flexpriority ept vpid
bogomips	: 4787.83
clflush size	: 64
cache_alignment	: 64
address sizes	: 40 bits physical, 48 bits virtual
power management:



Memory: 4k page, physical 24589736k(19116640k free), swap 1023996k(787452k free)

vm_info: Java HotSpot(TM) 64-Bit Server VM (25.31-b07) for linux-amd64 JRE (1.8.0_31-b13), built on Dec 17 2014 20:40:15 by "java_re" with gcc 4.3.0 20080428 (Red Hat 4.3.0-8)

time: Sat Apr 18 02:01:03 2015
elapsed time: 0 seconds (0d 0h 0m 0s)

