#
# There is insufficient memory for the Java Runtime Environment to continue.
# Cannot create GC thread. Out of system resources.
# Possible reasons:
#   The system is out of physical RAM or swap space
#   In 32 bit mode, the process size limit was hit
# Possible solutions:
#   Reduce memory load on the system
#   Increase physical memory or swap space
#   Check if swap backing store is full
#   Use 64 bit Java on a 64 bit OS
#   Decrease Java heap size (-Xmx/-Xms)
#   Decrease number of Java threads
#   Decrease Java thread stack sizes (-Xss)
#   Set larger code cache with -XX:ReservedCodeCacheSize=
# This output file may be truncated or incomplete.
#
#  Out of Memory Error (gcTaskThread.cpp:48), pid=10499, tid=140712670385920
#
# JRE version:  (8.0_31-b13) (build )
# Java VM: Java HotSpot(TM) 64-Bit Server VM (25.31-b07 mixed mode linux-amd64 compressed oops)
# Failed to write core dump. Core dumps have been disabled. To enable core dumping, try "ulimit -c unlimited" before starting Java again
#

---------------  T H R E A D  ---------------

Current thread (0x0000000001133000):  JavaThread "Unknown thread" [_thread_in_vm, id=10499, stack(0x00007fff4a851000,0x00007fff4a951000)]

Stack: [0x00007fff4a851000,0x00007fff4a951000],  sp=0x00007fff4a94b4b0,  free space=1001k
Native frames: (J=compiled Java code, j=interpreted, Vv=VM code, C=native code)
V  [libjvm.so+0xa79e0a]  VMError::report_and_die()+0x2ca
V  [libjvm.so+0x4e57bb]  report_vm_out_of_memory(char const*, int, unsigned long, VMErrorType, char const*)+0x8b
V  [libjvm.so+0x5b038f]  GCTaskThread::GCTaskThread(GCTaskManager*, unsigned int, unsigned int)+0x11f
V  [libjvm.so+0x5af8f8]  GCTaskManager::initialize()+0x2c8
V  [libjvm.so+0x90783b]  ParallelScavengeHeap::initialize()+0x32b
V  [libjvm.so+0xa45d4d]  Universe::initialize_heap()+0xfd
V  [libjvm.so+0xa4616f]  universe_init()+0x3f
V  [libjvm.so+0x6128d5]  init_globals()+0x65
V  [libjvm.so+0xa2bdbd]  Threads::create_vm(JavaVMInitArgs*, bool*)+0x24d
V  [libjvm.so+0x6a9b34]  JNI_CreateJavaVM+0x74
C  [libjli.so+0x736e]  JavaMain+0x9e
C  [libjli.so+0xaed3]  ContinueInNewThread0+0x63
C  [libjli.so+0x696a]  ContinueInNewThread+0x7a
C  [libjli.so+0x8f2e]  JLI_Launch+0x4ae
C  [java+0x696]
C  [libc.so.6+0x1ed5d]  __libc_start_main+0xfd


---------------  P R O C E S S  ---------------

Java Threads: ( => current thread )

Other Threads:

=>0x0000000001133000 (exited) JavaThread "Unknown thread" [_thread_in_vm, id=10499, stack(0x00007fff4a851000,0x00007fff4a951000)]

VM state:not at safepoint (not fully initialized)

VM Mutex/Monitor currently owned by a thread: None

GC Heap History (0 events):
No events

Deoptimization events (0 events):
No events

Internal exceptions (0 events):
No events

Events (0 events):
No events


Dynamic libraries:
00400000-00401000 r-xp 00000000 fd:00 2379934                            /usr/lib/jvm/java-1.8.0-oracle-1.8.0.31.x86_64/jre/bin/java
00600000-00601000 rw-p 00000000 fd:00 2379934                            /usr/lib/jvm/java-1.8.0-oracle-1.8.0.31.x86_64/jre/bin/java
0112a000-0116d000 rw-p 00000000 00:00 0                                  [heap]
648c00000-658700000 rw-p 00000000 00:00 0 
658700000-742f00000 ---p 00000000 00:00 0 
742f00000-74ac00000 rw-p 00000000 00:00 0 
74ac00000-7c0000000 ---p 00000000 00:00 0 
7ffa25773000-7ffa25a67000 rw-p 00000000 00:00 0 
7ffa25a67000-7ffa261bb000 ---p 00000000 00:00 0 
7ffa261bb000-7ffa26239000 rw-p 00000000 00:00 0 
7ffa26239000-7ffa2698c000 ---p 00000000 00:00 0 
7ffa2698c000-7ffa269cb000 rw-p 00000000 00:00 0 
7ffa269cb000-7ffa26d75000 ---p 00000000 00:00 0 
7ffa26d75000-7ffa26d80000 rw-p 00000000 00:00 0 
7ffa26d80000-7ffa27136000 ---p 00000000 00:00 0 
7ffa27136000-7ffa273a6000 rwxp 00000000 00:00 0 
7ffa273a6000-7ffa36136000 ---p 00000000 00:00 0 
7ffa36136000-7ffa36150000 r-xp 00000000 fd:00 2379994                    /usr/lib/jvm/java-1.8.0-oracle-1.8.0.31.x86_64/jre/lib/amd64/libzip.so
7ffa36150000-7ffa36350000 ---p 0001a000 fd:00 2379994                    /usr/lib/jvm/java-1.8.0-oracle-1.8.0.31.x86_64/jre/lib/amd64/libzip.so
7ffa36350000-7ffa36351000 rw-p 0001a000 fd:00 2379994                    /usr/lib/jvm/java-1.8.0-oracle-1.8.0.31.x86_64/jre/lib/amd64/libzip.so
7ffa36351000-7ffa367b9000 r--s 00000000 fd:00 11666401                   /var/db/nscd/passwd
7ffa367b9000-7ffa367e3000 r-xp 00000000 fd:00 2379966                    /usr/lib/jvm/java-1.8.0-oracle-1.8.0.31.x86_64/jre/lib/amd64/libjava.so
7ffa367e3000-7ffa369e3000 ---p 0002a000 fd:00 2379966                    /usr/lib/jvm/java-1.8.0-oracle-1.8.0.31.x86_64/jre/lib/amd64/libjava.so
7ffa369e3000-7ffa369e5000 rw-p 0002a000 fd:00 2379966                    /usr/lib/jvm/java-1.8.0-oracle-1.8.0.31.x86_64/jre/lib/amd64/libjava.so
7ffa369e5000-7ffa369f2000 r-xp 00000000 fd:00 2379993                    /usr/lib/jvm/java-1.8.0-oracle-1.8.0.31.x86_64/jre/lib/amd64/libverify.so
7ffa369f2000-7ffa36bf2000 ---p 0000d000 fd:00 2379993                    /usr/lib/jvm/java-1.8.0-oracle-1.8.0.31.x86_64/jre/lib/amd64/libverify.so
7ffa36bf2000-7ffa36bf4000 rw-p 0000d000 fd:00 2379993                    /usr/lib/jvm/java-1.8.0-oracle-1.8.0.31.x86_64/jre/lib/amd64/libverify.so
7ffa36bf4000-7ffa36bfb000 r-xp 00000000 fd:00 12845311                   /lib64/librt-2.12.so
7ffa36bfb000-7ffa36dfa000 ---p 00007000 fd:00 12845311                   /lib64/librt-2.12.so
7ffa36dfa000-7ffa36dfb000 r--p 00006000 fd:00 12845311                   /lib64/librt-2.12.so
7ffa36dfb000-7ffa36dfc000 rw-p 00007000 fd:00 12845311                   /lib64/librt-2.12.so
7ffa36dfc000-7ffa36e7f000 r-xp 00000000 fd:00 12845243                   /lib64/libm-2.12.so
7ffa36e7f000-7ffa3707e000 ---p 00083000 fd:00 12845243                   /lib64/libm-2.12.so
7ffa3707e000-7ffa3707f000 r--p 00082000 fd:00 12845243                   /lib64/libm-2.12.so
7ffa3707f000-7ffa37080000 rw-p 00083000 fd:00 12845243                   /lib64/libm-2.12.so
7ffa37080000-7ffa37cee000 r-xp 00000000 fd:00 2379998                    /usr/lib/jvm/java-1.8.0-oracle-1.8.0.31.x86_64/jre/lib/amd64/server/libjvm.so
7ffa37cee000-7ffa37eed000 ---p 00c6e000 fd:00 2379998                    /usr/lib/jvm/java-1.8.0-oracle-1.8.0.31.x86_64/jre/lib/amd64/server/libjvm.so
7ffa37eed000-7ffa37fc3000 rw-p 00c6d000 fd:00 2379998                    /usr/lib/jvm/java-1.8.0-oracle-1.8.0.31.x86_64/jre/lib/amd64/server/libjvm.so
7ffa37fc3000-7ffa38006000 rw-p 00000000 00:00 0 
7ffa38006000-7ffa38190000 r-xp 00000000 fd:00 12845162                   /lib64/libc-2.12.so
7ffa38190000-7ffa38390000 ---p 0018a000 fd:00 12845162                   /lib64/libc-2.12.so
7ffa38390000-7ffa38394000 r--p 0018a000 fd:00 12845162                   /lib64/libc-2.12.so
7ffa38394000-7ffa38395000 rw-p 0018e000 fd:00 12845162                   /lib64/libc-2.12.so
7ffa38395000-7ffa3839a000 rw-p 00000000 00:00 0 
7ffa3839a000-7ffa3839c000 r-xp 00000000 fd:00 12845236                   /lib64/libdl-2.12.so
7ffa3839c000-7ffa3859c000 ---p 00002000 fd:00 12845236                   /lib64/libdl-2.12.so
7ffa3859c000-7ffa3859d000 r--p 00002000 fd:00 12845236                   /lib64/libdl-2.12.so
7ffa3859d000-7ffa3859e000 rw-p 00003000 fd:00 12845236                   /lib64/libdl-2.12.so
7ffa3859e000-7ffa385b3000 r-xp 00000000 fd:00 2379949                    /usr/lib/jvm/java-1.8.0-oracle-1.8.0.31.x86_64/jre/lib/amd64/jli/libjli.so
7ffa385b3000-7ffa387b2000 ---p 00015000 fd:00 2379949                    /usr/lib/jvm/java-1.8.0-oracle-1.8.0.31.x86_64/jre/lib/amd64/jli/libjli.so
7ffa387b2000-7ffa387b3000 rw-p 00014000 fd:00 2379949                    /usr/lib/jvm/java-1.8.0-oracle-1.8.0.31.x86_64/jre/lib/amd64/jli/libjli.so
7ffa387b3000-7ffa387ca000 r-xp 00000000 fd:00 12845256                   /lib64/libpthread-2.12.so
7ffa387ca000-7ffa389ca000 ---p 00017000 fd:00 12845256                   /lib64/libpthread-2.12.so
7ffa389ca000-7ffa389cb000 r--p 00017000 fd:00 12845256                   /lib64/libpthread-2.12.so
7ffa389cb000-7ffa389cc000 rw-p 00018000 fd:00 12845256                   /lib64/libpthread-2.12.so
7ffa389cc000-7ffa389d0000 rw-p 00000000 00:00 0 
7ffa389d0000-7ffa389f0000 r-xp 00000000 fd:00 12845078                   /lib64/ld-2.12.so
7ffa38abb000-7ffa38abc000 ---p 00000000 00:00 0 
7ffa38abc000-7ffa38bc0000 rw-p 00000000 00:00 0 
7ffa38be2000-7ffa38be4000 rw-p 00000000 00:00 0 
7ffa38be4000-7ffa38bec000 rw-s 00000000 fd:00 9186924                    /tmp/hsperfdata_xiangyus/10499
7ffa38bec000-7ffa38bed000 rw-p 00000000 00:00 0 
7ffa38bed000-7ffa38bee000 r--p 00000000 00:00 0 
7ffa38bee000-7ffa38bef000 rw-p 00000000 00:00 0 
7ffa38bef000-7ffa38bf0000 r--p 0001f000 fd:00 12845078                   /lib64/ld-2.12.so
7ffa38bf0000-7ffa38bf1000 rw-p 00020000 fd:00 12845078                   /lib64/ld-2.12.so
7ffa38bf1000-7ffa38bf2000 rw-p 00000000 00:00 0 
7fff4a851000-7fff4a854000 ---p 00000000 00:00 0 
7fff4a855000-7fff4a951000 rw-p 00000000 00:00 0                          [stack]
7fff4a9ff000-7fff4aa00000 r-xp 00000000 00:00 0                          [vdso]
ffffffffff600000-ffffffffff601000 r-xp 00000000 00:00 0                  [vsyscall]

VM Arguments:
jvm_args: -Djava.rmi.server.hostname=127.0.0.1 
java_command: Server 127.0.0.1 15441
java_class_path (initial): /afs/andrew.cmu.edu/usr11/xiangyus/15440/15440-p3/sample:/afs/andrew.cmu.edu/usr11/xiangyus/15440/15440-p3/sample/../lib
Launcher Type: SUN_STANDARD

Environment Variables:
JAVA_HOME=/usr/java/jdk1.7.0_67/bin/java
CLASSPATH=/afs/andrew.cmu.edu/usr11/xiangyus/15440/15440-p3/sample:/afs/andrew.cmu.edu/usr11/xiangyus/15440/15440-p3/sample/../lib
PATH=/usr/lib64/qt-3.3/bin:/usr/lib64/ccache:/usr/local/bin:/bin:/usr/bin:/usr/local/sbin:/usr/sbin:/sbin:/usr/java/jdk1.7.0_67/bin
SHELL=/bin/bash

Signal Handlers:
SIGSEGV: [libjvm.so+0xa7a650], sa_mask[0]=11111111011111111101111111111110, sa_flags=SA_RESTART|SA_SIGINFO
SIGBUS: [libjvm.so+0xa7a650], sa_mask[0]=11111111011111111101111111111110, sa_flags=SA_RESTART|SA_SIGINFO
SIGFPE: [libjvm.so+0x8e28f0], sa_mask[0]=11111111011111111101111111111110, sa_flags=SA_RESTART|SA_SIGINFO
SIGPIPE: [libjvm.so+0x8e28f0], sa_mask[0]=11111111011111111101111111111110, sa_flags=SA_RESTART|SA_SIGINFO
SIGXFSZ: [libjvm.so+0x8e28f0], sa_mask[0]=11111111011111111101111111111110, sa_flags=SA_RESTART|SA_SIGINFO
SIGILL: [libjvm.so+0x8e28f0], sa_mask[0]=11111111011111111101111111111110, sa_flags=SA_RESTART|SA_SIGINFO
SIGUSR1: SIG_DFL, sa_mask[0]=00000000000000000000000000000000, sa_flags=none
SIGUSR2: [libjvm.so+0x8e4120], sa_mask[0]=00100000000000000000000000000000, sa_flags=SA_RESTART|SA_SIGINFO
SIGHUP: SIG_DFL, sa_mask[0]=00000000000000000000000000000000, sa_flags=none
SIGINT: SIG_DFL, sa_mask[0]=00000000000000000000000000000000, sa_flags=none
SIGTERM: SIG_DFL, sa_mask[0]=00000000000000000000000000000000, sa_flags=none
SIGQUIT: SIG_DFL, sa_mask[0]=00000000000000000000000000000000, sa_flags=none


---------------  S Y S T E M  ---------------

OS:Red Hat Enterprise Linux Workstation release 6.6 (Santiago)

uname:Linux 2.6.32-504.12.2.el6.x86_64 #1 SMP Sun Feb 1 12:14:02 EST 2015 x86_64
libc:glibc 2.12 NPTL 2.12 
rlimit: STACK 10240k, CORE 0k, NPROC 1024, NOFILE 4096, AS infinity
load average:1.41 1.14 1.08

/proc/meminfo:
MemTotal:       24589736 kB
MemFree:        20490892 kB
Buffers:          153852 kB
Cached:          1025424 kB
SwapCached:            0 kB
Active:          2909480 kB
Inactive:         706496 kB
Active(anon):    2436900 kB
Inactive(anon):      416 kB
Active(file):     472580 kB
Inactive(file):   706080 kB
Unevictable:           0 kB
Mlocked:               0 kB
SwapTotal:       1023996 kB
SwapFree:        1023996 kB
Dirty:              1124 kB
Writeback:             0 kB
AnonPages:       2206756 kB
Mapped:            85684 kB
Shmem:               620 kB
Slab:             215724 kB
SReclaimable:     140536 kB
SUnreclaim:        75188 kB
KernelStack:       13128 kB
PageTables:        38116 kB
NFS_Unstable:          0 kB
Bounce:                0 kB
WritebackTmp:          0 kB
CommitLimit:    13318864 kB
Committed_AS:   15370084 kB
VmallocTotal:   34359738367 kB
VmallocUsed:      333840 kB
VmallocChunk:   34346459108 kB
HardwareCorrupted:     0 kB
AnonHugePages:   1411072 kB
HugePages_Total:       0
HugePages_Free:        0
HugePages_Rsvd:        0
HugePages_Surp:        0
Hugepagesize:       2048 kB
DirectMap4k:        5604 kB
DirectMap2M:     2078720 kB
DirectMap1G:    23068672 kB


CPU:total 24 (6 cores per cpu, 2 threads per core) family 6 model 44 stepping 2, cmov, cx8, fxsr, mmx, sse, sse2, sse3, ssse3, sse4.1, sse4.2, popcnt, aes, clmul, ht, tsc, tscinvbit, tscinv

/proc/cpuinfo:
processor	: 0
vendor_id	: GenuineIntel
cpu family	: 6
model		: 44
model name	: Intel(R) Xeon(R) CPU           E5645  @ 2.40GHz
stepping	: 2
microcode	: 19
cpu MHz		: 2394.061
cache size	: 12288 KB
physical id	: 1
siblings	: 12
core id		: 0
cpu cores	: 6
apicid		: 32
initial apicid	: 32
fpu		: yes
fpu_exception	: yes
cpuid level	: 11
wp		: yes
flags		: fpu vme de pse tsc msr pae mce cx8 apic sep mtrr pge mca cmov pat pse36 clflush dts acpi mmx fxsr sse sse2 ss ht tm pbe syscall nx pdpe1gb rdtscp lm constant_tsc arch_perfmon pebs bts rep_good xtopology nonstop_tsc aperfmperf pni pclmulqdq dtes64 monitor ds_cpl vmx smx est tm2 ssse3 cx16 xtpr pdcm pcid dca sse4_1 sse4_2 popcnt aes lahf_lm ida arat dts tpr_shadow vnmi flexpriority ept vpid
bogomips	: 4788.12
clflush size	: 64
cache_alignment	: 64
address sizes	: 40 bits physical, 48 bits virtual
power management:

processor	: 1
vendor_id	: GenuineIntel
cpu family	: 6
model		: 44
model name	: Intel(R) Xeon(R) CPU           E5645  @ 2.40GHz
stepping	: 2
microcode	: 19
cpu MHz		: 2394.061
cache size	: 12288 KB
physical id	: 0
siblings	: 12
core id		: 0
cpu cores	: 6
apicid		: 0
initial apicid	: 0
fpu		: yes
fpu_exception	: yes
cpuid level	: 11
wp		: yes
flags		: fpu vme de pse tsc msr pae mce cx8 apic sep mtrr pge mca cmov pat pse36 clflush dts acpi mmx fxsr sse sse2 ss ht tm pbe syscall nx pdpe1gb rdtscp lm constant_tsc arch_perfmon pebs bts rep_good xtopology nonstop_tsc aperfmperf pni pclmulqdq dtes64 monitor ds_cpl vmx smx est tm2 ssse3 cx16 xtpr pdcm pcid dca sse4_1 sse4_2 popcnt aes lahf_lm ida arat dts tpr_shadow vnmi flexpriority ept vpid
bogomips	: 4787.83
clflush size	: 64
cache_alignment	: 64
address sizes	: 40 bits physical, 48 bits virtual
power management:

processor	: 2
vendor_id	: GenuineIntel
cpu family	: 6
model		: 44
model name	: Intel(R) Xeon(R) CPU           E5645  @ 2.40GHz
stepping	: 2
microcode	: 19
cpu MHz		: 2394.061
cache size	: 12288 KB
physical id	: 1
siblings	: 12
core id		: 1
cpu cores	: 6
apicid		: 34
initial apicid	: 34
fpu		: yes
fpu_exception	: yes
cpuid level	: 11
wp		: yes
flags		: fpu vme de pse tsc msr pae mce cx8 apic sep mtrr pge mca cmov pat pse36 clflush dts acpi mmx fxsr sse sse2 ss ht tm pbe syscall nx pdpe1gb rdtscp lm constant_tsc arch_perfmon pebs bts rep_good xtopology nonstop_tsc aperfmperf pni pclmulqdq dtes64 monitor ds_cpl vmx smx est tm2 ssse3 cx16 xtpr pdcm pcid dca sse4_1 sse4_2 popcnt aes lahf_lm ida arat dts tpr_shadow vnmi flexpriority ept vpid
bogomips	: 4788.12
clflush size	: 64
cache_alignment	: 64
address sizes	: 40 bits physical, 48 bits virtual
power management:

processor	: 3
vendor_id	: GenuineIntel
cpu family	: 6
model		: 44
model name	: Intel(R) Xeon(R) CPU           E5645  @ 2.40GHz
stepping	: 2
microcode	: 19
cpu MHz		: 2394.061
cache size	: 12288 KB
physical id	: 0
siblings	: 12
core id		: 1
cpu cores	: 6
apicid		: 2
initial apicid	: 2
fpu		: yes
fpu_exception	: yes
cpuid level	: 11
wp		: yes
flags		: fpu vme de pse tsc msr pae mce cx8 apic sep mtrr pge mca cmov pat pse36 clflush dts acpi mmx fxsr sse sse2 ss ht tm pbe syscall nx pdpe1gb rdtscp lm constant_tsc arch_perfmon pebs bts rep_good xtopology nonstop_tsc aperfmperf pni pclmulqdq dtes64 monitor ds_cpl vmx smx est tm2 ssse3 cx16 xtpr pdcm pcid dca sse4_1 sse4_2 popcnt aes lahf_lm ida arat dts tpr_shadow vnmi flexpriority ept vpid
bogomips	: 4787.83
clflush size	: 64
cache_alignment	: 64
address sizes	: 40 bits physical, 48 bits virtual
power management:

processor	: 4
vendor_id	: GenuineIntel
cpu family	: 6
model		: 44
model name	: Intel(R) Xeon(R) CPU           E5645  @ 2.40GHz
stepping	: 2
microcode	: 19
cpu MHz		: 2394.061
cache size	: 12288 KB
physical id	: 1
siblings	: 12
core id		: 2
cpu cores	: 6
apicid		: 36
initial apicid	: 36
fpu		: yes
fpu_exception	: yes
cpuid level	: 11
wp		: yes
flags		: fpu vme de pse tsc msr pae mce cx8 apic sep mtrr pge mca cmov pat pse36 clflush dts acpi mmx fxsr sse sse2 ss ht tm pbe syscall nx pdpe1gb rdtscp lm constant_tsc arch_perfmon pebs bts rep_good xtopology nonstop_tsc aperfmperf pni pclmulqdq dtes64 monitor ds_cpl vmx smx est tm2 ssse3 cx16 xtpr pdcm pcid dca sse4_1 sse4_2 popcnt aes lahf_lm ida arat dts tpr_shadow vnmi flexpriority ept vpid
bogomips	: 4788.12
clflush size	: 64
cache_alignment	: 64
address sizes	: 40 bits physical, 48 bits virtual
power management:

processor	: 5
vendor_id	: GenuineIntel
cpu family	: 6
model		: 44
model name	: Intel(R) Xeon(R) CPU           E5645  @ 2.40GHz
stepping	: 2
microcode	: 19
cpu MHz		: 2394.061
cache size	: 12288 KB
physical id	: 0
siblings	: 12
core id		: 2
cpu cores	: 6
apicid		: 4
initial apicid	: 4
fpu		: yes
fpu_exception	: yes
cpuid level	: 11
wp		: yes
flags		: fpu vme de pse tsc msr pae mce cx8 apic sep mtrr pge mca cmov pat pse36 clflush dts acpi mmx fxsr sse sse2 ss ht tm pbe syscall nx pdpe1gb rdtscp lm constant_tsc arch_perfmon pebs bts rep_good xtopology nonstop_tsc aperfmperf pni pclmulqdq dtes64 monitor ds_cpl vmx smx est tm2 ssse3 cx16 xtpr pdcm pcid dca sse4_1 sse4_2 popcnt aes lahf_lm ida arat dts tpr_shadow vnmi flexpriority ept vpid
bogomips	: 4787.83
clflush size	: 64
cache_alignment	: 64
address sizes	: 40 bits physical, 48 bits virtual
power management:

processor	: 6
vendor_id	: GenuineIntel
cpu family	: 6
model		: 44
model name	: Intel(R) Xeon(R) CPU           E5645  @ 2.40GHz
stepping	: 2
microcode	: 19
cpu MHz		: 2394.061
cache size	: 12288 KB
physical id	: 1
siblings	: 12
core id		: 8
cpu cores	: 6
apicid		: 48
initial apicid	: 48
fpu		: yes
fpu_exception	: yes
cpuid level	: 11
wp		: yes
flags		: fpu vme de pse tsc msr pae mce cx8 apic sep mtrr pge mca cmov pat pse36 clflush dts acpi mmx fxsr sse sse2 ss ht tm pbe syscall nx pdpe1gb rdtscp lm constant_tsc arch_perfmon pebs bts rep_good xtopology nonstop_tsc aperfmperf pni pclmulqdq dtes64 monitor ds_cpl vmx smx est tm2 ssse3 cx16 xtpr pdcm pcid dca sse4_1 sse4_2 popcnt aes lahf_lm ida arat dts tpr_shadow vnmi flexpriority ept vpid
bogomips	: 4788.12
clflush size	: 64
cache_alignment	: 64
address sizes	: 40 bits physical, 48 bits virtual
power management:

processor	: 7
vendor_id	: GenuineIntel
cpu family	: 6
model		: 44
model name	: Intel(R) Xeon(R) CPU           E5645  @ 2.40GHz
stepping	: 2
microcode	: 19
cpu MHz		: 2394.061
cache size	: 12288 KB
physical id	: 0
siblings	: 12
core id		: 8
cpu cores	: 6
apicid		: 16
initial apicid	: 16
fpu		: yes
fpu_exception	: yes
cpuid level	: 11
wp		: yes
flags		: fpu vme de pse tsc msr pae mce cx8 apic sep mtrr pge mca cmov pat pse36 clflush dts acpi mmx fxsr sse sse2 ss ht tm pbe syscall nx pdpe1gb rdtscp lm constant_tsc arch_perfmon pebs bts rep_good xtopology nonstop_tsc aperfmperf pni pclmulqdq dtes64 monitor ds_cpl vmx smx est tm2 ssse3 cx16 xtpr pdcm pcid dca sse4_1 sse4_2 popcnt aes lahf_lm ida arat dts tpr_shadow vnmi flexpriority ept vpid
bogomips	: 4787.83
clflush size	: 64
cache_alignment	: 64
address sizes	: 40 bits physical, 48 bits virtual
power management:

processor	: 8
vendor_id	: GenuineIntel
cpu family	: 6
model		: 44
model name	: Intel(R) Xeon(R) CPU           E5645  @ 2.40GHz
stepping	: 2
microcode	: 19
cpu MHz		: 2394.061
cache size	: 12288 KB
physical id	: 1
siblings	: 12
core id		: 9
cpu cores	: 6
apicid		: 50
initial apicid	: 50
fpu		: yes
fpu_exception	: yes
cpuid level	: 11
wp		: yes
flags		: fpu vme de pse tsc msr pae mce cx8 apic sep mtrr pge mca cmov pat pse36 clflush dts acpi mmx fxsr sse sse2 ss ht tm pbe syscall nx pdpe1gb rdtscp lm constant_tsc arch_perfmon pebs bts rep_good xtopology nonstop_tsc aperfmperf pni pclmulqdq dtes64 monitor ds_cpl vmx smx est tm2 ssse3 cx16 xtpr pdcm pcid dca sse4_1 sse4_2 popcnt aes lahf_lm ida arat dts tpr_shadow vnmi flexpriority ept vpid
bogomips	: 4788.12
clflush size	: 64
cache_alignment	: 64
address sizes	: 40 bits physical, 48 bits virtual
power management:

processor	: 9
vendor_id	: GenuineIntel
cpu family	: 6
model		: 44
model name	: Intel(R) Xeon(R) CPU           E5645  @ 2.40GHz
stepping	: 2
microcode	: 19
cpu MHz		: 2394.061
cache size	: 12288 KB
physical id	: 0
siblings	: 12
core id		: 9
cpu cores	: 6
apicid		: 18
initial apicid	: 18
fpu		: yes
fpu_exception	: yes
cpuid level	: 11
wp		: yes
flags		: fpu vme de pse tsc msr pae mce cx8 apic sep mtrr pge mca cmov pat pse36 clflush dts acpi mmx fxsr sse sse2 ss ht tm pbe syscall nx pdpe1gb rdtscp lm constant_tsc arch_perfmon pebs bts rep_good xtopology nonstop_tsc aperfmperf pni pclmulqdq dtes64 monitor ds_cpl vmx smx est tm2 ssse3 cx16 xtpr pdcm pcid dca sse4_1 sse4_2 popcnt aes lahf_lm ida arat dts tpr_shadow vnmi flexpriority ept vpid
bogomips	: 4787.83
clflush size	: 64
cache_alignment	: 64
address sizes	: 40 bits physical, 48 bits virtual
power management:

processor	: 10
vendor_id	: GenuineIntel
cpu family	: 6
model		: 44
model name	: Intel(R) Xeon(R) CPU           E5645  @ 2.40GHz
stepping	: 2
microcode	: 19
cpu MHz		: 2394.061
cache size	: 12288 KB
physical id	: 1
siblings	: 12
core id		: 10
cpu cores	: 6
apicid		: 52
initial apicid	: 52
fpu		: yes
fpu_exception	: yes
cpuid level	: 11
wp		: yes
flags		: fpu vme de pse tsc msr pae mce cx8 apic sep mtrr pge mca cmov pat pse36 clflush dts acpi mmx fxsr sse sse2 ss ht tm pbe syscall nx pdpe1gb rdtscp lm constant_tsc arch_perfmon pebs bts rep_good xtopology nonstop_tsc aperfmperf pni pclmulqdq dtes64 monitor ds_cpl vmx smx est tm2 ssse3 cx16 xtpr pdcm pcid dca sse4_1 sse4_2 popcnt aes lahf_lm ida arat dts tpr_shadow vnmi flexpriority ept vpid
bogomips	: 4788.12
clflush size	: 64
cache_alignment	: 64
address sizes	: 40 bits physical, 48 bits virtual
power management:

processor	: 11
vendor_id	: GenuineIntel
cpu family	: 6
model		: 44
model name	: Intel(R) Xeon(R) CPU           E5645  @ 2.40GHz
stepping	: 2
microcode	: 19
cpu MHz		: 2394.061
cache size	: 12288 KB
physical id	: 0
siblings	: 12
core id		: 10
cpu cores	: 6
apicid		: 20
initial apicid	: 20
fpu		: yes
fpu_exception	: yes
cpuid level	: 11
wp		: yes
flags		: fpu vme de pse tsc msr pae mce cx8 apic sep mtrr pge mca cmov pat pse36 clflush dts acpi mmx fxsr sse sse2 ss ht tm pbe syscall nx pdpe1gb rdtscp lm constant_tsc arch_perfmon pebs bts rep_good xtopology nonstop_tsc aperfmperf pni pclmulqdq dtes64 monitor ds_cpl vmx smx est tm2 ssse3 cx16 xtpr pdcm pcid dca sse4_1 sse4_2 popcnt aes lahf_lm ida arat dts tpr_shadow vnmi flexpriority ept vpid
bogomips	: 4787.83
clflush size	: 64
cache_alignment	: 64
address sizes	: 40 bits physical, 48 bits virtual
power management:

processor	: 12
vendor_id	: GenuineIntel
cpu family	: 6
model		: 44
model name	: Intel(R) Xeon(R) CPU           E5645  @ 2.40GHz
stepping	: 2
microcode	: 19
cpu MHz		: 2394.061
cache size	: 12288 KB
physical id	: 1
siblings	: 12
core id		: 0
cpu cores	: 6
apicid		: 33
initial apicid	: 33
fpu		: yes
fpu_exception	: yes
cpuid level	: 11
wp		: yes
flags		: fpu vme de pse tsc msr pae mce cx8 apic sep mtrr pge mca cmov pat pse36 clflush dts acpi mmx fxsr sse sse2 ss ht tm pbe syscall nx pdpe1gb rdtscp lm constant_tsc arch_perfmon pebs bts rep_good xtopology nonstop_tsc aperfmperf pni pclmulqdq dtes64 monitor ds_cpl vmx smx est tm2 ssse3 cx16 xtpr pdcm pcid dca sse4_1 sse4_2 popcnt aes lahf_lm ida arat dts tpr_shadow vnmi flexpriority ept vpid
bogomips	: 4788.12
clflush size	: 64
cache_alignment	: 64
address sizes	: 40 bits physical, 48 bits virtual
power management:

processor	: 13
vendor_id	: GenuineIntel
cpu family	: 6
model		: 44
model name	: Intel(R) Xeon(R) CPU           E5645  @ 2.40GHz
stepping	: 2
microcode	: 19
cpu MHz		: 2394.061
cache size	: 12288 KB
physical id	: 0
siblings	: 12
core id		: 0
cpu cores	: 6
apicid		: 1
initial apicid	: 1
fpu		: yes
fpu_exception	: yes
cpuid level	: 11
wp		: yes
flags		: fpu vme de pse tsc msr pae mce cx8 apic sep mtrr pge mca cmov pat pse36 clflush dts acpi mmx fxsr sse sse2 ss ht tm pbe syscall nx pdpe1gb rdtscp lm constant_tsc arch_perfmon pebs bts rep_good xtopology nonstop_tsc aperfmperf pni pclmulqdq dtes64 monitor ds_cpl vmx smx est tm2 ssse3 cx16 xtpr pdcm pcid dca sse4_1 sse4_2 popcnt aes lahf_lm ida arat dts tpr_shadow vnmi flexpriority ept vpid
bogomips	: 4787.83
clflush size	: 64
cache_alignment	: 64
address sizes	: 40 bits physical, 48 bits virtual
power management:

processor	: 14
vendor_id	: GenuineIntel
cpu family	: 6
model		: 44
model name	: Intel(R) Xeon(R) CPU           E5645  @ 2.40GHz
stepping	: 2
microcode	: 19
cpu MHz		: 2394.061
cache size	: 12288 KB
physical id	: 1
siblings	: 12
core id		: 1
cpu cores	: 6
apicid		: 35
initial apicid	: 35
fpu		: yes
fpu_exception	: yes
cpuid level	: 11
wp		: yes
flags		: fpu vme de pse tsc msr pae mce cx8 apic sep mtrr pge mca cmov pat pse36 clflush dts acpi mmx fxsr sse sse2 ss ht tm pbe syscall nx pdpe1gb rdtscp lm constant_tsc arch_perfmon pebs bts rep_good xtopology nonstop_tsc aperfmperf pni pclmulqdq dtes64 monitor ds_cpl vmx smx est tm2 ssse3 cx16 xtpr pdcm pcid dca sse4_1 sse4_2 popcnt aes lahf_lm ida arat dts tpr_shadow vnmi flexpriority ept vpid
bogomips	: 4788.12
clflush size	: 64
cache_alignment	: 64
address sizes	: 40 bits physical, 48 bits virtual
power management:

processor	: 15
vendor_id	: GenuineIntel
cpu family	: 6
model		: 44
model name	: Intel(R) Xeon(R) CPU           E5645  @ 2.40GHz
stepping	: 2
microcode	: 19
cpu MHz		: 2394.061
cache size	: 12288 KB
physical id	: 0
siblings	: 12
core id		: 1
cpu cores	: 6
apicid		: 3
initial apicid	: 3
fpu		: yes
fpu_exception	: yes
cpuid level	: 11
wp		: yes
flags		: fpu vme de pse tsc msr pae mce cx8 apic sep mtrr pge mca cmov pat pse36 clflush dts acpi mmx fxsr sse sse2 ss ht tm pbe syscall nx pdpe1gb rdtscp lm constant_tsc arch_perfmon pebs bts rep_good xtopology nonstop_tsc aperfmperf pni pclmulqdq dtes64 monitor ds_cpl vmx smx est tm2 ssse3 cx16 xtpr pdcm pcid dca sse4_1 sse4_2 popcnt aes lahf_lm ida arat dts tpr_shadow vnmi flexpriority ept vpid
bogomips	: 4787.83
clflush size	: 64
cache_alignment	: 64
address sizes	: 40 bits physical, 48 bits virtual
power management:

processor	: 16
vendor_id	: GenuineIntel
cpu family	: 6
model		: 44
model name	: Intel(R) Xeon(R) CPU           E5645  @ 2.40GHz
stepping	: 2
microcode	: 19
cpu MHz		: 2394.061
cache size	: 12288 KB
physical id	: 1
siblings	: 12
core id		: 2
cpu cores	: 6
apicid		: 37
initial apicid	: 37
fpu		: yes
fpu_exception	: yes
cpuid level	: 11
wp		: yes
flags		: fpu vme de pse tsc msr pae mce cx8 apic sep mtrr pge mca cmov pat pse36 clflush dts acpi mmx fxsr sse sse2 ss ht tm pbe syscall nx pdpe1gb rdtscp lm constant_tsc arch_perfmon pebs bts rep_good xtopology nonstop_tsc aperfmperf pni pclmulqdq dtes64 monitor ds_cpl vmx smx est tm2 ssse3 cx16 xtpr pdcm pcid dca sse4_1 sse4_2 popcnt aes lahf_lm ida arat dts tpr_shadow vnmi flexpriority ept vpid
bogomips	: 4788.12
clflush size	: 64
cache_alignment	: 64
address sizes	: 40 bits physical, 48 bits virtual
power management:

processor	: 17
vendor_id	: GenuineIntel
cpu family	: 6
model		: 44
model name	: Intel(R) Xeon(R) CPU           E5645  @ 2.40GHz
stepping	: 2
microcode	: 19
cpu MHz		: 2394.061
cache size	: 12288 KB
physical id	: 0
siblings	: 12
core id		: 2
cpu cores	: 6
apicid		: 5
initial apicid	: 5
fpu		: yes
fpu_exception	: yes
cpuid level	: 11
wp		: yes
flags		: fpu vme de pse tsc msr pae mce cx8 apic sep mtrr pge mca cmov pat pse36 clflush dts acpi mmx fxsr sse sse2 ss ht tm pbe syscall nx pdpe1gb rdtscp lm constant_tsc arch_perfmon pebs bts rep_good xtopology nonstop_tsc aperfmperf pni pclmulqdq dtes64 monitor ds_cpl vmx smx est tm2 ssse3 cx16 xtpr pdcm pcid dca sse4_1 sse4_2 popcnt aes lahf_lm ida arat dts tpr_shadow vnmi flexpriority ept vpid
bogomips	: 4787.83
clflush size	: 64
cache_alignment	: 64
address sizes	: 40 bits physical, 48 bits virtual
power management:

processor	: 18
vendor_id	: GenuineIntel
cpu family	: 6
model		: 44
model name	: Intel(R) Xeon(R) CPU           E5645  @ 2.40GHz
stepping	: 2
microcode	: 19
cpu MHz		: 2394.061
cache size	: 12288 KB
physical id	: 1
siblings	: 12
core id		: 8
cpu cores	: 6
apicid		: 49
initial apicid	: 49
fpu		: yes
fpu_exception	: yes
cpuid level	: 11
wp		: yes
flags		: fpu vme de pse tsc msr pae mce cx8 apic sep mtrr pge mca cmov pat pse36 clflush dts acpi mmx fxsr sse sse2 ss ht tm pbe syscall nx pdpe1gb rdtscp lm constant_tsc arch_perfmon pebs bts rep_good xtopology nonstop_tsc aperfmperf pni pclmulqdq dtes64 monitor ds_cpl vmx smx est tm2 ssse3 cx16 xtpr pdcm pcid dca sse4_1 sse4_2 popcnt aes lahf_lm ida arat dts tpr_shadow vnmi flexpriority ept vpid
bogomips	: 4788.12
clflush size	: 64
cache_alignment	: 64
address sizes	: 40 bits physical, 48 bits virtual
power management:

processor	: 19
vendor_id	: GenuineIntel
cpu family	: 6
model		: 44
model name	: Intel(R) Xeon(R) CPU           E5645  @ 2.40GHz
stepping	: 2
microcode	: 19
cpu MHz		: 2394.061
cache size	: 12288 KB
physical id	: 0
siblings	: 12
core id		: 8
cpu cores	: 6
apicid		: 17
initial apicid	: 17
fpu		: yes
fpu_exception	: yes
cpuid level	: 11
wp		: yes
flags		: fpu vme de pse tsc msr pae mce cx8 apic sep mtrr pge mca cmov pat pse36 clflush dts acpi mmx fxsr sse sse2 ss ht tm pbe syscall nx pdpe1gb rdtscp lm constant_tsc arch_perfmon pebs bts rep_good xtopology nonstop_tsc aperfmperf pni pclmulqdq dtes64 monitor ds_cpl vmx smx est tm2 ssse3 cx16 xtpr pdcm pcid dca sse4_1 sse4_2 popcnt aes lahf_lm ida arat dts tpr_shadow vnmi flexpriority ept vpid
bogomips	: 4787.83
clflush size	: 64
cache_alignment	: 64
address sizes	: 40 bits physical, 48 bits virtual
power management:

processor	: 20
vendor_id	: GenuineIntel
cpu family	: 6
model		: 44
model name	: Intel(R) Xeon(R) CPU           E5645  @ 2.40GHz
stepping	: 2
microcode	: 19
cpu MHz		: 2394.061
cache size	: 12288 KB
physical id	: 1
siblings	: 12
core id		: 9
cpu cores	: 6
apicid		: 51
initial apicid	: 51
fpu		: yes
fpu_exception	: yes
cpuid level	: 11
wp		: yes
flags		: fpu vme de pse tsc msr pae mce cx8 apic sep mtrr pge mca cmov pat pse36 clflush dts acpi mmx fxsr sse sse2 ss ht tm pbe syscall nx pdpe1gb rdtscp lm constant_tsc arch_perfmon pebs bts rep_good xtopology nonstop_tsc aperfmperf pni pclmulqdq dtes64 monitor ds_cpl vmx smx est tm2 ssse3 cx16 xtpr pdcm pcid dca sse4_1 sse4_2 popcnt aes lahf_lm ida arat dts tpr_shadow vnmi flexpriority ept vpid
bogomips	: 4788.12
clflush size	: 64
cache_alignment	: 64
address sizes	: 40 bits physical, 48 bits virtual
power management:

processor	: 21
vendor_id	: GenuineIntel
cpu family	: 6
model		: 44
model name	: Intel(R) Xeon(R) CPU           E5645  @ 2.40GHz
stepping	: 2
microcode	: 19
cpu MHz		: 2394.061
cache size	: 12288 KB
physical id	: 0
siblings	: 12
core id		: 9
cpu cores	: 6
apicid		: 19
initial apicid	: 19
fpu		: yes
fpu_exception	: yes
cpuid level	: 11
wp		: yes
flags		: fpu vme de pse tsc msr pae mce cx8 apic sep mtrr pge mca cmov pat pse36 clflush dts acpi mmx fxsr sse sse2 ss ht tm pbe syscall nx pdpe1gb rdtscp lm constant_tsc arch_perfmon pebs bts rep_good xtopology nonstop_tsc aperfmperf pni pclmulqdq dtes64 monitor ds_cpl vmx smx est tm2 ssse3 cx16 xtpr pdcm pcid dca sse4_1 sse4_2 popcnt aes lahf_lm ida arat dts tpr_shadow vnmi flexpriority ept vpid
bogomips	: 4787.83
clflush size	: 64
cache_alignment	: 64
address sizes	: 40 bits physical, 48 bits virtual
power management:

processor	: 22
vendor_id	: GenuineIntel
cpu family	: 6
model		: 44
model name	: Intel(R) Xeon(R) CPU           E5645  @ 2.40GHz
stepping	: 2
microcode	: 19
cpu MHz		: 2394.061
cache size	: 12288 KB
physical id	: 1
siblings	: 12
core id		: 10
cpu cores	: 6
apicid		: 53
initial apicid	: 53
fpu		: yes
fpu_exception	: yes
cpuid level	: 11
wp		: yes
flags		: fpu vme de pse tsc msr pae mce cx8 apic sep mtrr pge mca cmov pat pse36 clflush dts acpi mmx fxsr sse sse2 ss ht tm pbe syscall nx pdpe1gb rdtscp lm constant_tsc arch_perfmon pebs bts rep_good xtopology nonstop_tsc aperfmperf pni pclmulqdq dtes64 monitor ds_cpl vmx smx est tm2 ssse3 cx16 xtpr pdcm pcid dca sse4_1 sse4_2 popcnt aes lahf_lm ida arat dts tpr_shadow vnmi flexpriority ept vpid
bogomips	: 4788.12
clflush size	: 64
cache_alignment	: 64
address sizes	: 40 bits physical, 48 bits virtual
power management:

processor	: 23
vendor_id	: GenuineIntel
cpu family	: 6
model		: 44
model name	: Intel(R) Xeon(R) CPU           E5645  @ 2.40GHz
stepping	: 2
microcode	: 19
cpu MHz		: 2394.061
cache size	: 12288 KB
physical id	: 0
siblings	: 12
core id		: 10
cpu cores	: 6
apicid		: 21
initial apicid	: 21
fpu		: yes
fpu_exception	: yes
cpuid level	: 11
wp		: yes
flags		: fpu vme de pse tsc msr pae mce cx8 apic sep mtrr pge mca cmov pat pse36 clflush dts acpi mmx fxsr sse sse2 ss ht tm pbe syscall nx pdpe1gb rdtscp lm constant_tsc arch_perfmon pebs bts rep_good xtopology nonstop_tsc aperfmperf pni pclmulqdq dtes64 monitor ds_cpl vmx smx est tm2 ssse3 cx16 xtpr pdcm pcid dca sse4_1 sse4_2 popcnt aes lahf_lm ida arat dts tpr_shadow vnmi flexpriority ept vpid
bogomips	: 4787.83
clflush size	: 64
cache_alignment	: 64
address sizes	: 40 bits physical, 48 bits virtual
power management:



Memory: 4k page, physical 24589736k(20489588k free), swap 1023996k(1023996k free)

vm_info: Java HotSpot(TM) 64-Bit Server VM (25.31-b07) for linux-amd64 JRE (1.8.0_31-b13), built on Dec 17 2014 20:40:15 by "java_re" with gcc 4.3.0 20080428 (Red Hat 4.3.0-8)

time: Thu Apr  9 12:54:26 2015
elapsed time: 0 seconds (0d 0h 0m 0s)

